<?xml version="1.0" encoding="UTF-8"?>
<!-- Generated by org.testng.reporters.JUnitReportReporter -->
<testsuite skipped="0" hostname="LAPTOP-APVHHELF" name="com.HRMS.TestScripts.LoginTest" tests="1" failures="0" timestamp="2020-09-09T00:14:35 IST" time="71.448" errors="0">
  <testcase name="loginValidate" time="71.448" classname="com.HRMS.TestScripts.LoginTest"/>
  <system-out/>
</testsuite> <!-- com.HRMS.TestScripts.LoginTest -->
