<?xml version="1.0" encoding="UTF-8"?>
<!-- Generated by org.testng.reporters.JUnitReportReporter -->
<testsuite skipped="0" hostname="LAPTOP-APVHHELF" name="com.HRMS.TestScripts.DirectoryTest" tests="2" failures="0" timestamp="21 Jul 2020 19:04:33 GMT" time="102.592" errors="0">
  <testcase name="jobTitleSearch" time="48.851" classname="com.HRMS.TestScripts.DirectoryTest"/>
  <testcase name="searchText" time="53.741" classname="com.HRMS.TestScripts.DirectoryTest"/>
</testsuite> <!-- com.HRMS.TestScripts.DirectoryTest -->
